[debug] [2024-01-10T08:29:09.320Z] ----------------------------------------------------------------------
[debug] [2024-01-10T08:29:09.322Z] Command:       /usr/local/share/nvm/versions/node/v20.10.0/bin/node /home/codespace/nvm/current/bin/firebase deploy
[debug] [2024-01-10T08:29:09.322Z] CLI Version:   13.0.3
[debug] [2024-01-10T08:29:09.322Z] Platform:      linux
[debug] [2024-01-10T08:29:09.323Z] Node Version:  v20.10.0
[debug] [2024-01-10T08:29:09.323Z] Time:          Wed Jan 10 2024 08:29:09 GMT+0000 (Coordinated Universal Time)
[debug] [2024-01-10T08:29:09.323Z] Env Overrides: GITHUB_API_URL
[debug] [2024-01-10T08:29:09.323Z] ----------------------------------------------------------------------
[debug] 
[debug] [2024-01-10T08:29:09.400Z] > command requires scopes: ["email","openid","https://www.googleapis.com/auth/cloudplatformprojects.readonly","https://www.googleapis.com/auth/firebase","https://www.googleapis.com/auth/cloud-platform"]
[debug] [2024-01-10T08:29:09.401Z] > authorizing via signed-in user (alred487@gmail.com)
[debug] [2024-01-10T08:29:09.401Z] [iam] checking project compassfile-dev for permissions ["cloudfunctions.functions.create","cloudfunctions.functions.delete","cloudfunctions.functions.get","cloudfunctions.functions.list","cloudfunctions.functions.update","cloudfunctions.operations.get","firebase.projects.get","firebasehosting.sites.update"]
[debug] [2024-01-10T08:29:09.402Z] >>> [apiv2][query] POST https://cloudresourcemanager.googleapis.com/v1/projects/compassfile-dev:testIamPermissions [none]
[debug] [2024-01-10T08:29:09.402Z] >>> [apiv2][(partial)header] POST https://cloudresourcemanager.googleapis.com/v1/projects/compassfile-dev:testIamPermissions x-goog-quota-user=projects/compassfile-dev
[debug] [2024-01-10T08:29:09.403Z] >>> [apiv2][body] POST https://cloudresourcemanager.googleapis.com/v1/projects/compassfile-dev:testIamPermissions {"permissions":["cloudfunctions.functions.create","cloudfunctions.functions.delete","cloudfunctions.functions.get","cloudfunctions.functions.list","cloudfunctions.functions.update","cloudfunctions.operations.get","firebase.projects.get","firebasehosting.sites.update"]}
[debug] [2024-01-10T08:29:09.725Z] <<< [apiv2][status] POST https://cloudresourcemanager.googleapis.com/v1/projects/compassfile-dev:testIamPermissions 200
[debug] [2024-01-10T08:29:09.726Z] <<< [apiv2][body] POST https://cloudresourcemanager.googleapis.com/v1/projects/compassfile-dev:testIamPermissions {"permissions":["cloudfunctions.functions.create","cloudfunctions.functions.delete","cloudfunctions.functions.get","cloudfunctions.functions.list","cloudfunctions.functions.update","cloudfunctions.operations.get","firebase.projects.get","firebasehosting.sites.update"]}
[debug] [2024-01-10T08:29:09.726Z] >>> [apiv2][query] POST https://iam.googleapis.com/v1/projects/compassfile-dev/serviceAccounts/compassfile-dev@appspot.gserviceaccount.com:testIamPermissions [none]
[debug] [2024-01-10T08:29:09.726Z] >>> [apiv2][body] POST https://iam.googleapis.com/v1/projects/compassfile-dev/serviceAccounts/compassfile-dev@appspot.gserviceaccount.com:testIamPermissions {"permissions":["iam.serviceAccounts.actAs"]}
[debug] [2024-01-10T08:29:10.028Z] <<< [apiv2][status] POST https://iam.googleapis.com/v1/projects/compassfile-dev/serviceAccounts/compassfile-dev@appspot.gserviceaccount.com:testIamPermissions 404
[debug] [2024-01-10T08:29:10.029Z] <<< [apiv2][body] POST https://iam.googleapis.com/v1/projects/compassfile-dev/serviceAccounts/compassfile-dev@appspot.gserviceaccount.com:testIamPermissions {"error":{"code":404,"message":"Unknown service account","status":"NOT_FOUND"}}
[debug] [2024-01-10T08:29:10.036Z] [functions] service account IAM check errored, deploy may fail: HTTP Error: 404, Unknown service account {"name":"FirebaseError","children":[],"context":{"body":{"error":{"code":404,"message":"Unknown service account","status":"NOT_FOUND"}},"response":{"statusCode":404}},"exit":1,"message":"HTTP Error: 404, Unknown service account","status":404}
[debug] [2024-01-10T08:29:10.037Z] >>> [apiv2][query] GET https://firebase.googleapis.com/v1beta1/projects/compassfile-dev [none]
[debug] [2024-01-10T08:29:10.215Z] <<< [apiv2][status] GET https://firebase.googleapis.com/v1beta1/projects/compassfile-dev 200
[debug] [2024-01-10T08:29:58.198Z] ----------------------------------------------------------------------
[debug] [2024-01-10T08:29:58.200Z] Command:       /usr/local/share/nvm/versions/node/v20.10.0/bin/node /home/codespace/nvm/current/bin/firebase deploy --only hosting
[debug] [2024-01-10T08:29:58.201Z] CLI Version:   13.0.3
[debug] [2024-01-10T08:29:58.201Z] Platform:      linux
[debug] [2024-01-10T08:29:58.201Z] Node Version:  v20.10.0
[debug] [2024-01-10T08:29:58.201Z] Time:          Wed Jan 10 2024 08:29:58 GMT+0000 (Coordinated Universal Time)
[debug] [2024-01-10T08:29:58.201Z] Env Overrides: GITHUB_API_URL
[debug] [2024-01-10T08:29:58.201Z] ----------------------------------------------------------------------
[debug] 
[debug] [2024-01-10T08:29:58.266Z] > command requires scopes: ["email","openid","https://www.googleapis.com/auth/cloudplatformprojects.readonly","https://www.googleapis.com/auth/firebase","https://www.googleapis.com/auth/cloud-platform"]
[debug] [2024-01-10T08:29:58.266Z] > authorizing via signed-in user (alred487@gmail.com)
[debug] [2024-01-10T08:29:58.266Z] [iam] checking project compassfile-dev for permissions ["firebase.projects.get","firebasehosting.sites.update"]
[debug] [2024-01-10T08:29:58.268Z] >>> [apiv2][query] POST https://cloudresourcemanager.googleapis.com/v1/projects/compassfile-dev:testIamPermissions [none]
[debug] [2024-01-10T08:29:58.268Z] >>> [apiv2][(partial)header] POST https://cloudresourcemanager.googleapis.com/v1/projects/compassfile-dev:testIamPermissions x-goog-quota-user=projects/compassfile-dev
[debug] [2024-01-10T08:29:58.268Z] >>> [apiv2][body] POST https://cloudresourcemanager.googleapis.com/v1/projects/compassfile-dev:testIamPermissions {"permissions":["firebase.projects.get","firebasehosting.sites.update"]}
[debug] [2024-01-10T08:29:58.558Z] <<< [apiv2][status] POST https://cloudresourcemanager.googleapis.com/v1/projects/compassfile-dev:testIamPermissions 200
[debug] [2024-01-10T08:29:58.558Z] <<< [apiv2][body] POST https://cloudresourcemanager.googleapis.com/v1/projects/compassfile-dev:testIamPermissions {"permissions":["firebase.projects.get","firebasehosting.sites.update"]}
[debug] [2024-01-10T08:29:58.559Z] >>> [apiv2][query] GET https://firebase.googleapis.com/v1beta1/projects/compassfile-dev [none]
[debug] [2024-01-10T08:29:58.839Z] <<< [apiv2][status] GET https://firebase.googleapis.com/v1beta1/projects/compassfile-dev 200
[debug] [2024-01-10T08:32:01.108Z] ----------------------------------------------------------------------
[debug] [2024-01-10T08:32:01.110Z] Command:       /usr/local/share/nvm/versions/node/v20.10.0/bin/node /home/codespace/nvm/current/bin/firebase deploy --only hosting
[debug] [2024-01-10T08:32:01.110Z] CLI Version:   13.0.3
[debug] [2024-01-10T08:32:01.111Z] Platform:      linux
[debug] [2024-01-10T08:32:01.111Z] Node Version:  v20.10.0
[debug] [2024-01-10T08:32:01.111Z] Time:          Wed Jan 10 2024 08:32:01 GMT+0000 (Coordinated Universal Time)
[debug] [2024-01-10T08:32:01.111Z] Env Overrides: GITHUB_API_URL
[debug] [2024-01-10T08:32:01.111Z] ----------------------------------------------------------------------
[debug] 
[debug] [2024-01-10T08:32:01.175Z] > command requires scopes: ["email","openid","https://www.googleapis.com/auth/cloudplatformprojects.readonly","https://www.googleapis.com/auth/firebase","https://www.googleapis.com/auth/cloud-platform"]
[debug] [2024-01-10T08:32:01.176Z] > authorizing via signed-in user (alred487@gmail.com)
[debug] [2024-01-10T08:32:01.176Z] [iam] checking project compassfile-dev for permissions ["firebase.projects.get","firebasehosting.sites.update"]
[debug] [2024-01-10T08:32:01.178Z] >>> [apiv2][query] POST https://cloudresourcemanager.googleapis.com/v1/projects/compassfile-dev:testIamPermissions [none]
[debug] [2024-01-10T08:32:01.178Z] >>> [apiv2][(partial)header] POST https://cloudresourcemanager.googleapis.com/v1/projects/compassfile-dev:testIamPermissions x-goog-quota-user=projects/compassfile-dev
[debug] [2024-01-10T08:32:01.178Z] >>> [apiv2][body] POST https://cloudresourcemanager.googleapis.com/v1/projects/compassfile-dev:testIamPermissions {"permissions":["firebase.projects.get","firebasehosting.sites.update"]}
[debug] [2024-01-10T08:32:01.481Z] <<< [apiv2][status] POST https://cloudresourcemanager.googleapis.com/v1/projects/compassfile-dev:testIamPermissions 200
[debug] [2024-01-10T08:32:01.493Z] <<< [apiv2][body] POST https://cloudresourcemanager.googleapis.com/v1/projects/compassfile-dev:testIamPermissions {"permissions":["firebase.projects.get","firebasehosting.sites.update"]}
[debug] [2024-01-10T08:32:01.495Z] >>> [apiv2][query] GET https://firebase.googleapis.com/v1beta1/projects/compassfile-dev [none]
[debug] [2024-01-10T08:32:01.812Z] <<< [apiv2][status] GET https://firebase.googleapis.com/v1beta1/projects/compassfile-dev 200
[debug] [2024-01-10T08:32:01.812Z] <<< [apiv2][body] GET https://firebase.googleapis.com/v1beta1/projects/compassfile-dev {"projectId":"compassfile-dev","projectNumber":"124510851885","displayName":"CompassFile-dev","name":"projects/compassfile-dev","resources":{"hostingSite":"compassfile-dev"},"state":"ACTIVE","etag":"1_016b9188-9945-4d93-b9e2-9569bb2585cd"}
[debug] [2024-01-10T08:32:03.969Z] defaultcredentials: writing to file /home/codespace/.config/firebase/alred487_gmail_com_application_default_credentials.json
[debug] [2024-01-10T08:32:03.983Z] >>> [apiv2][query] GET https://firebasehosting.googleapis.com/v1beta1/projects/compassfile-dev/sites pageToken=&pageSize=10
[debug] [2024-01-10T08:32:04.660Z] <<< [apiv2][status] GET https://firebasehosting.googleapis.com/v1beta1/projects/compassfile-dev/sites 200
[debug] [2024-01-10T08:32:04.661Z] <<< [apiv2][body] GET https://firebasehosting.googleapis.com/v1beta1/projects/compassfile-dev/sites {"sites":[{"name":"projects/compassfile-dev/sites/compassfile-dev","defaultUrl":"https://compassfile-dev.web.app","appId":"1:124510851885:web:09ab2e7a25ab46200bf9a4","type":"DEFAULT_SITE"},{"name":"projects/compassfile-dev/sites/nextjs-version-c354b","defaultUrl":"https://nextjs-version-c354b.web.app","type":"USER_SITE"},{"name":"projects/compassfile-dev/sites/test12111","defaultUrl":"https://test12111.web.app","type":"USER_SITE"}]}
[debug] [2024-01-10T08:32:04.662Z] >>> [apiv2][query] GET https://firebasehosting.googleapis.com/v1beta1/projects/compassfile-dev/sites 
[debug] [2024-01-10T08:32:05.072Z] <<< [apiv2][status] GET https://firebasehosting.googleapis.com/v1beta1/projects/compassfile-dev/sites 200
[debug] [2024-01-10T08:32:05.072Z] <<< [apiv2][body] GET https://firebasehosting.googleapis.com/v1beta1/projects/compassfile-dev/sites {"sites":[{"name":"projects/compassfile-dev/sites/compassfile-dev","defaultUrl":"https://compassfile-dev.web.app","appId":"1:124510851885:web:09ab2e7a25ab46200bf9a4","type":"DEFAULT_SITE"},{"name":"projects/compassfile-dev/sites/nextjs-version-c354b","defaultUrl":"https://nextjs-version-c354b.web.app","type":"USER_SITE"},{"name":"projects/compassfile-dev/sites/test12111","defaultUrl":"https://test12111.web.app","type":"USER_SITE"}]}
[debug] [2024-01-10T08:32:05.073Z] >>> [apiv2][query] GET https://firebase.googleapis.com/v1beta1/projects/compassfile-dev/webApps/1:124510851885:web:09ab2e7a25ab46200bf9a4/config [none]
[debug] [2024-01-10T08:32:05.548Z] <<< [apiv2][status] GET https://firebase.googleapis.com/v1beta1/projects/compassfile-dev/webApps/1:124510851885:web:09ab2e7a25ab46200bf9a4/config 200
[debug] [2024-01-10T08:32:05.548Z] <<< [apiv2][body] GET https://firebase.googleapis.com/v1beta1/projects/compassfile-dev/webApps/1:124510851885:web:09ab2e7a25ab46200bf9a4/config {"projectId":"compassfile-dev","appId":"1:124510851885:web:09ab2e7a25ab46200bf9a4","storageBucket":"compassfile-dev.appspot.com","apiKey":"AIzaSyDlQZ-XbtYEydl-pm6miM6ZiEaM45Jw7Hk","authDomain":"compassfile-dev.firebaseapp.com","messagingSenderId":"124510851885","measurementId":"G-2ENR1NYZN2"}
[info] 
   Thank you for trying our early preview of Next.js support on Firebase Hosting.
   During the preview, support is best-effort and breaking changes can be expected. Proceed with caution.

   Documentation: https://firebase.google.com/docs/hosting/frameworks/nextjs
   File a bug: https://github.com/firebase/firebase-tools/issues/new?template=bug_report.md
   Submit a feature request: https://github.com/firebase/firebase-tools/issues/new?template=feature_request.md

   We'd love to learn from you. Express your interest in helping us shape the future of Firebase Hosting: https://goo.gle/41enW5X

[debug] [2024-01-10T08:32:09.908Z] >>> [apiv2][query] GET https://firebasehosting.googleapis.com/v1beta1/projects/compassfile-dev/sites/compassfile-dev [none]
[debug] [2024-01-10T08:32:10.241Z] <<< [apiv2][status] GET https://firebasehosting.googleapis.com/v1beta1/projects/compassfile-dev/sites/compassfile-dev 200
[debug] [2024-01-10T08:32:10.242Z] <<< [apiv2][body] GET https://firebasehosting.googleapis.com/v1beta1/projects/compassfile-dev/sites/compassfile-dev {"name":"projects/compassfile-dev/sites/compassfile-dev","defaultUrl":"https://compassfile-dev.web.app","appId":"1:124510851885:web:09ab2e7a25ab46200bf9a4","type":"DEFAULT_SITE"}
[info] - info Loaded env from /workspaces/mohammad-upwork-work-2/.env

[info] - info Creating an optimized production build...

